Test (2B): basic agreement ...
  ... Passed --   1.4  3   16    4128    3
Test (2B): RPC byte count ...
  ... Passed --   3.8  3   48  113068   11
Test (2B): test progressive failure of followers ...
  ... Passed --   4.9  3   66   12539    3
Test (2B): test failure of leaders ...
  ... Passed --   5.5  3   84   18035    3
Test (2B): agreement after follower reconnects ...
  ... Passed --   6.5  3   78   19138    8
Test (2B): no agreement if too many followers disconnect ...
  ... Passed --   3.9  5  134   24866    3
Test (2B): concurrent Start()s ...
  ... Passed --   0.8  3   22    6165    6
Test (2B): rejoin of partitioned leader ...
  ... Passed --   4.7  3   75   17426    4
Test (2B): leader backs up quickly over incorrect follower logs ...
  ... Passed --  37.3  5 2385 1643152  102
Test (2B): RPC counts aren't too high ...
--- FAIL: TestCount2B (1.05s)
    test_test.go:652: too many RPCs (47) for 10 entries
FAIL
exit status 1
FAIL	6.5840/raft	69.996s
